<?xml version="1.0" encoding="UTF-8"?>
<testng-results ignored="0" total="1" passed="1" failed="0" skipped="0">
  <reporter-output>
  </reporter-output>
  <suite started-at="2025-07-02T16:17:55 IST" name="Default suite" finished-at="2025-07-02T16:17:59 IST" duration-ms="3694">
    <groups>
    </groups>
    <test started-at="2025-07-02T16:17:55 IST" name="Default test" finished-at="2025-07-02T16:17:59 IST" duration-ms="3694">
      <class name="properties.execution">
        <test-method signature="propert()[pri:0, instance:properties.execution@1a451d4d]" started-at="2025-07-02T16:17:55 IST" name="propert" finished-at="2025-07-02T16:17:59 IST" duration-ms="3615" status="PASS">
          <reporter-output>
          </reporter-output>
        </test-method> <!-- propert -->
      </class> <!-- properties.execution -->
    </test> <!-- Default test -->
  </suite> <!-- Default suite -->
</testng-results>
