<?xml version="1.0" encoding="UTF-8"?>
<testng-results ignored="0" total="4" passed="4" failed="0" skipped="0">
  <reporter-output>
  </reporter-output>
  <suite started-at="2025-07-04T13:44:28 IST" name="Default suite" finished-at="2025-07-04T13:44:50 IST" duration-ms="21574">
    <groups>
    </groups>
    <test started-at="2025-07-04T13:44:28 IST" name="Default test" finished-at="2025-07-04T13:44:50 IST" duration-ms="21574">
      <class name="homeWork.TestNgExecution">
        <test-method signature="verifyPage2()[pri:1, instance:homeWork.TestNgExecution@291ae]" started-at="2025-07-04T13:44:34 IST" name="verifyPage2" finished-at="2025-07-04T13:44:36 IST" duration-ms="1444" status="PASS">
          <reporter-output>
          </reporter-output>
        </test-method> <!-- verifyPage2 -->
        <test-method signature="verifyPage3()[pri:2, instance:homeWork.TestNgExecution@291ae]" started-at="2025-07-04T13:44:36 IST" name="verifyPage3" finished-at="2025-07-04T13:44:38 IST" duration-ms="2268" status="PASS">
          <reporter-output>
          </reporter-output>
        </test-method> <!-- verifyPage3 -->
        <test-method signature="assertions()[pri:3, instance:homeWork.TestNgExecution@291ae]" started-at="2025-07-04T13:44:44 IST" name="assertions" finished-at="2025-07-04T13:44:44 IST" duration-ms="15" status="PASS">
          <reporter-output>
          </reporter-output>
        </test-method> <!-- assertions -->
        <test-method signature="verifyPage4()[pri:4, instance:homeWork.TestNgExecution@291ae]" started-at="2025-07-04T13:44:44 IST" name="verifyPage4" finished-at="2025-07-04T13:44:49 IST" duration-ms="5319" status="PASS">
          <reporter-output>
          </reporter-output>
        </test-method> <!-- verifyPage4 -->
      </class> <!-- homeWork.TestNgExecution -->
    </test> <!-- Default test -->
  </suite> <!-- Default suite -->
</testng-results>
