<?xml version="1.0" encoding="UTF-8"?>
<!-- Generated by org.testng.reporters.JUnitXMLReporter -->
<testsuite ignored="0" hostname="DESKTOP-1CC16KL" failures="0" tests="6" name="listnerstest" time="7.694" errors="0" timestamp="2025-06-30T13:11:51 IST">
  <testcase classname="listeners.Listeners" name="brower_launch" time="0.03"/>
  <testcase classname="listeners.Listeners" name="url" time="0.005"/>
  <testcase classname="listeners.Listeners" name="mensfashion" time="0.278"/>
  <testcase classname="listeners.Listeners" name="womensfashion" time="0.209"/>
  <testcase classname="listeners.Listeners" name="homeAndkitchen" time="0.174"/>
  <testcase classname="listeners.Listeners" name="toysandfashion" time="0.195"/>
</testsuite> <!-- listnerstest -->
