<?xml version="1.0" encoding="UTF-8"?>
<!-- Generated by org.testng.reporters.JUnitXMLReporter -->
<testsuite ignored="0" hostname="DESKTOP-1CC16KL" failures="0" tests="9" name="Testclass" time="0.153" errors="0" timestamp="2025-06-26T13:58:01 IST">
  <testcase classname="TestNGPractice.com.testng.NewTest" name="f" time="0.021"/>
  <testcase classname="TestNGPractice.com.testng.NewTest" name="f1" time="0.004"/>
  <testcase classname="TestNGPractice.com.testng.NewTest" name="u" time="0.003"/>
  <testcase classname="TestNGPractice.com.testng.NewTest_1" name="testing" time="0.002"/>
  <testcase classname="TestNGPractice.com.testng.NewTest_1" name="testing_01" time="0.003"/>
  <testcase classname="TestNGPractice.com.testng.NewTest_1" name="testing_02" time="0.003"/>
  <testcase classname="TestNGPractice.com.testng.NewTest_02" name="testcases" time="0.001"/>
  <testcase classname="TestNGPractice.com.testng.NewTest_02" name="testcases_01" time="0.002"/>
  <testcase classname="TestNGPractice.com.testng.NewTest_02" name="testcases_02" time="0.002"/>
</testsuite> <!-- Testclass -->
