<?xml version="1.0" encoding="UTF-8"?>
<!-- Generated by org.testng.reporters.JUnitXMLReporter -->
<testsuite ignored="0" hostname="DESKTOP-1CC16KL" failures="0" tests="3" name="TestcasesGreencart" time="106.137" errors="0" timestamp="2025-07-04T14:13:11 IST">
  <testcase classname="greenCarttestng.TestNGexecutionClass" name="verifyPage1" time="62.026"/>
  <testcase classname="greenCarttestng.TestNGexecutionClass" name="verifyPage2" time="26.143"/>
  <testcase classname="greenCarttestng.TestNGexecutionClass" name="verifyPage4" time="7.973"/>
</testsuite> <!-- TestcasesGreencart -->
